Build started 5/5/2016 11:18:10 AM.
     1>Project "E:\Video Game Design and Development\ShowCase\StarWarsBlackJack\StarWarsBlackJack_Final\VGP122A3_Douglas_Matthew.vcxproj" on node 2 (Build target(s)).
     1>ClCompile:
         C:\Program Files (x86)\Microsoft Visual Studio 12.0\VC\bin\CL.exe /c /I"C:\SDL2-2.0.0\include" /ZI /nologo /W3 /WX- /sdl /Od /Oy- /D _MBCS /Gm /EHsc /RTC1 /MDd /GS /fp:precise /Zc:wchar_t /Zc:forScope /Fo"Debug\\" /Fd"Debug\vc120.pdb" /Gd /TP /analyze- /errorReport:prompt Card.cpp Deck.cpp Game.cpp Main.cpp Player.cpp Sprite.cpp
         Sprite.cpp
         Player.cpp
         Main.cpp
         Game.cpp
     1>e:\video game design and development\showcase\starwarsblackjack\starwarsblackjack_final\game.cpp(283): warning C4244: 'argument' : conversion from 'time_t' to 'unsigned int', possible loss of data
     1>e:\video game design and development\showcase\starwarsblackjack\starwarsblackjack_final\game.cpp(413): warning C4018: '>=' : signed/unsigned mismatch
         Deck.cpp
         Card.cpp
         Generating Code...
       Link:
         C:\Program Files (x86)\Microsoft Visual Studio 12.0\VC\bin\link.exe /ERRORREPORT:PROMPT /OUT:"E:\Video Game Design and Development\ShowCase\StarWarsBlackJack\StarWarsBlackJack_Final\Debug\StarWarsBlackJack_Final.exe" /INCREMENTAL /NOLOGO /LIBPATH:"C:\SDL2-2.0.0\lib\x86" sdl2.lib sdl2main.lib sdl2_mixer.lib sdl2_image.lib sdl2_ttf.lib kernel32.lib user32.lib gdi32.lib winspool.lib comdlg32.lib advapi32.lib shell32.lib ole32.lib oleaut32.lib uuid.lib odbc32.lib odbccp32.lib /MANIFEST /MANIFESTUAC:"level='asInvoker' uiAccess='false'" /manifest:embed /DEBUG /PDB:"E:\Video Game Design and Development\ShowCase\StarWarsBlackJack\StarWarsBlackJack_Final\Debug\StarWarsBlackJack_Final.pdb" /SUBSYSTEM:WINDOWS /TLBID:1 /DYNAMICBASE /NXCOMPAT /IMPLIB:"E:\Video Game Design and Development\ShowCase\StarWarsBlackJack\StarWarsBlackJack_Final\Debug\StarWarsBlackJack_Final.lib" /MACHINE:X86 Debug\Card.obj
         Debug\Deck.obj
         Debug\Game.obj
         Debug\Main.obj
         Debug\Player.obj
         Debug\Sprite.obj
     1>MSVCRTD.lib(cinitexe.obj) : warning LNK4098: defaultlib 'msvcrt.lib' conflicts with use of other libs; use /NODEFAULTLIB:library
         VGP122A3_Douglas_Matthew.vcxproj -> E:\Video Game Design and Development\ShowCase\StarWarsBlackJack\StarWarsBlackJack_Final\Debug\StarWarsBlackJack_Final.exe
     1>Done Building Project "E:\Video Game Design and Development\ShowCase\StarWarsBlackJack\StarWarsBlackJack_Final\VGP122A3_Douglas_Matthew.vcxproj" (Build target(s)).

Build succeeded.

Time Elapsed 00:00:03.21
